{"/Users/tandemseven/projects/components/tabs/source/index.js": {"path":"/Users/tandemseven/projects/components/tabs/source/index.js","statementMap":{"0":{"start":{"line":51,"column":4},"end":{"line":51,"column":16}},"1":{"start":{"line":54,"column":4},"end":{"line":54,"column":14}},"2":{"start":{"line":57,"column":4},"end":{"line":57,"column":23}},"3":{"start":{"line":62,"column":4},"end":{"line":65,"column":5}},"4":{"start":{"line":70,"column":21},"end":{"line":70,"column":30}},"5":{"start":{"line":71,"column":21},"end":{"line":71,"column":36}},"6":{"start":{"line":74,"column":4},"end":{"line":76,"column":5}},"7":{"start":{"line":75,"column":6},"end":{"line":75,"column":12}},"8":{"start":{"line":78,"column":4},"end":{"line":80,"column":6}},"9":{"start":{"line":83,"column":24},"end":{"line":83,"column":46}},"10":{"start":{"line":85,"column":4},"end":{"line":87,"column":5}},"11":{"start":{"line":86,"column":6},"end":{"line":86,"column":12}},"12":{"start":{"line":89,"column":4},"end":{"line":89,"column":32}},"13":{"start":{"line":95,"column":15},"end":{"line":95,"column":28}},"14":{"start":{"line":98,"column":21},"end":{"line":98,"column":40}},"15":{"start":{"line":101,"column":21},"end":{"line":101,"column":40}},"16":{"start":{"line":104,"column":24},"end":{"line":104,"column":40}},"17":{"start":{"line":106,"column":4},"end":{"line":171,"column":5}},"18":{"start":{"line":112,"column":28},"end":{"line":112,"column":45}},"19":{"start":{"line":115,"column":30},"end":{"line":115,"column":56}},"20":{"start":{"line":116,"column":28},"end":{"line":116,"column":49}},"21":{"start":{"line":119,"column":31},"end":{"line":119,"column":45}},"22":{"start":{"line":121,"column":14},"end":{"line":134,"column":15}},"23":{"start":{"line":141,"column":28},"end":{"line":141,"column":55}},"24":{"start":{"line":142,"column":26},"end":{"line":142,"column":47}},"25":{"start":{"line":143,"column":29},"end":{"line":143,"column":43}},"26":{"start":{"line":146,"column":26},"end":{"line":146,"column":46}},"27":{"start":{"line":148,"column":12},"end":{"line":154,"column":13}},"28":{"start":{"line":149,"column":14},"end":{"line":153,"column":15}},"29":{"start":{"line":156,"column":12},"end":{"line":167,"column":13}},"30":{"start":{"line":176,"column":0},"end":{"line":183,"column":1}},"31":{"start":{"line":186,"column":0},"end":{"line":189,"column":1}}},"fnMap":{"0":{"name":"(anonymous_0)","decl":{"start":{"line":49,"column":2},"end":{"line":49,"column":3}},"loc":{"start":{"line":49,"column":22},"end":{"line":58,"column":3}},"line":49},"1":{"name":"(anonymous_1)","decl":{"start":{"line":61,"column":2},"end":{"line":61,"column":3}},"loc":{"start":{"line":61,"column":18},"end":{"line":66,"column":3}},"line":61},"2":{"name":"(anonymous_2)","decl":{"start":{"line":69,"column":2},"end":{"line":69,"column":3}},"loc":{"start":{"line":69,"column":32},"end":{"line":90,"column":3}},"line":69},"3":{"name":"(anonymous_3)","decl":{"start":{"line":93,"column":2},"end":{"line":93,"column":3}},"loc":{"start":{"line":93,"column":12},"end":{"line":172,"column":3}},"line":93},"4":{"name":"(anonymous_4)","decl":{"start":{"line":110,"column":25},"end":{"line":110,"column":26}},"loc":{"start":{"line":110,"column":39},"end":{"line":135,"column":13}},"line":110},"5":{"name":"(anonymous_5)","decl":{"start":{"line":139,"column":23},"end":{"line":139,"column":24}},"loc":{"start":{"line":139,"column":37},"end":{"line":168,"column":11}},"line":139}},"branchMap":{"0":{"loc":{"start":{"line":63,"column":10},"end":{"line":63,"column":35}},"type":"binary-expr","locations":[{"start":{"line":63,"column":10},"end":{"line":63,"column":23}},{"start":{"line":63,"column":27},"end":{"line":63,"column":35}}],"line":63},"1":{"loc":{"start":{"line":74,"column":4},"end":{"line":76,"column":5}},"type":"if","locations":[{"start":{"line":74,"column":4},"end":{"line":76,"column":5}},{"start":{"line":74,"column":4},"end":{"line":76,"column":5}}],"line":74},"2":{"loc":{"start":{"line":74,"column":8},"end":{"line":74,"column":29}},"type":"binary-expr","locations":[{"start":{"line":74,"column":8},"end":{"line":74,"column":16}},{"start":{"line":74,"column":20},"end":{"line":74,"column":29}}],"line":74},"3":{"loc":{"start":{"line":85,"column":4},"end":{"line":87,"column":5}},"type":"if","locations":[{"start":{"line":85,"column":4},"end":{"line":87,"column":5}},{"start":{"line":85,"column":4},"end":{"line":87,"column":5}}],"line":85},"4":{"loc":{"start":{"line":148,"column":12},"end":{"line":154,"column":13}},"type":"if","locations":[{"start":{"line":148,"column":12},"end":{"line":154,"column":13}},{"start":{"line":148,"column":12},"end":{"line":154,"column":13}}],"line":148}},"s":{"0":1,"1":1,"2":1,"3":1,"4":1,"5":1,"6":1,"7":0,"8":1,"9":1,"10":1,"11":1,"12":0,"13":2,"14":2,"15":2,"16":2,"17":2,"18":4,"19":4,"20":4,"21":4,"22":4,"23":4,"24":4,"25":4,"26":4,"27":4,"28":0,"29":4,"30":1,"31":1},"f":{"0":1,"1":1,"2":1,"3":2,"4":4,"5":4},"b":{"0":[1,1],"1":[0,1],"2":[1,0],"3":[1,0],"4":[0,4]},"_coverageSchema":"332fd63041d2c1bcb487cc26dd0d5f7d97098a6c","hash":"b87327555a2df1978c1a2fbb2771c2f2392ad2b4"}
,"/Users/tandemseven/projects/components/tabs/source/template_panel.js": {"path":"/Users/tandemseven/projects/components/tabs/source/template_panel.js","statementMap":{},"fnMap":{},"branchMap":{},"s":{},"f":{},"b":{},"_coverageSchema":"332fd63041d2c1bcb487cc26dd0d5f7d97098a6c","hash":"ea36fa3aff0ecb77a9bf99ad918647c0cdf0c6d4"}
,"/Users/tandemseven/projects/components/tabs/source/template_tab.js": {"path":"/Users/tandemseven/projects/components/tabs/source/template_tab.js","statementMap":{"0":{"start":{"line":12,"column":4},"end":{"line":12,"column":16}},"1":{"start":{"line":15,"column":4},"end":{"line":15,"column":14}},"2":{"start":{"line":20,"column":21},"end":{"line":20,"column":30}},"3":{"start":{"line":21,"column":21},"end":{"line":21,"column":36}},"4":{"start":{"line":24,"column":4},"end":{"line":26,"column":5}},"5":{"start":{"line":25,"column":6},"end":{"line":25,"column":12}},"6":{"start":{"line":28,"column":24},"end":{"line":28,"column":46}},"7":{"start":{"line":30,"column":4},"end":{"line":32,"column":5}},"8":{"start":{"line":31,"column":6},"end":{"line":31,"column":12}},"9":{"start":{"line":34,"column":18},"end":{"line":34,"column":34}},"10":{"start":{"line":35,"column":18},"end":{"line":35,"column":34}},"11":{"start":{"line":37,"column":4},"end":{"line":37,"column":32}},"12":{"start":{"line":42,"column":25},"end":{"line":42,"column":48}},"13":{"start":{"line":43,"column":25},"end":{"line":43,"column":48}},"14":{"start":{"line":44,"column":25},"end":{"line":44,"column":48}},"15":{"start":{"line":46,"column":22},"end":{"line":46,"column":42}},"16":{"start":{"line":47,"column":15},"end":{"line":47,"column":28}},"17":{"start":{"line":48,"column":18},"end":{"line":48,"column":34}},"18":{"start":{"line":50,"column":24},"end":{"line":50,"column":40}},"19":{"start":{"line":52,"column":4},"end":{"line":68,"column":5}},"20":{"start":{"line":73,"column":0},"end":{"line":84,"column":1}},"21":{"start":{"line":87,"column":0},"end":{"line":90,"column":1}}},"fnMap":{"0":{"name":"(anonymous_0)","decl":{"start":{"line":10,"column":2},"end":{"line":10,"column":3}},"loc":{"start":{"line":10,"column":22},"end":{"line":16,"column":3}},"line":10},"1":{"name":"(anonymous_1)","decl":{"start":{"line":19,"column":2},"end":{"line":19,"column":3}},"loc":{"start":{"line":19,"column":18},"end":{"line":38,"column":3}},"line":19},"2":{"name":"(anonymous_2)","decl":{"start":{"line":41,"column":2},"end":{"line":41,"column":3}},"loc":{"start":{"line":41,"column":12},"end":{"line":69,"column":3}},"line":41}},"branchMap":{"0":{"loc":{"start":{"line":24,"column":4},"end":{"line":26,"column":5}},"type":"if","locations":[{"start":{"line":24,"column":4},"end":{"line":26,"column":5}},{"start":{"line":24,"column":4},"end":{"line":26,"column":5}}],"line":24},"1":{"loc":{"start":{"line":24,"column":8},"end":{"line":24,"column":29}},"type":"binary-expr","locations":[{"start":{"line":24,"column":8},"end":{"line":24,"column":16}},{"start":{"line":24,"column":20},"end":{"line":24,"column":29}}],"line":24},"2":{"loc":{"start":{"line":30,"column":4},"end":{"line":32,"column":5}},"type":"if","locations":[{"start":{"line":30,"column":4},"end":{"line":32,"column":5}},{"start":{"line":30,"column":4},"end":{"line":32,"column":5}}],"line":30}},"s":{"0":2,"1":2,"2":1,"3":1,"4":1,"5":0,"6":1,"7":1,"8":0,"9":1,"10":1,"11":1,"12":4,"13":4,"14":4,"15":4,"16":4,"17":4,"18":4,"19":4,"20":1,"21":1},"f":{"0":2,"1":1,"2":4},"b":{"0":[0,1],"1":[1,0],"2":[0,1]},"_coverageSchema":"332fd63041d2c1bcb487cc26dd0d5f7d97098a6c","hash":"dc062003f2b839f741ca15d524e4ac43e163ecca"}
}
