TN:
SF:/Users/tandemseven/projects/components/tabs/source/index.js
FN:49,(anonymous_0)
FN:61,(anonymous_1)
FN:69,(anonymous_2)
FN:93,(anonymous_3)
FN:110,(anonymous_4)
FN:139,(anonymous_5)
FNF:6
FNH:6
FNDA:1,(anonymous_0)
FNDA:1,(anonymous_1)
FNDA:1,(anonymous_2)
FNDA:2,(anonymous_3)
FNDA:4,(anonymous_4)
FNDA:4,(anonymous_5)
DA:51,1
DA:54,1
DA:57,1
DA:62,1
DA:70,1
DA:71,1
DA:74,1
DA:75,0
DA:78,1
DA:83,1
DA:85,1
DA:86,1
DA:89,0
DA:95,2
DA:98,2
DA:101,2
DA:104,2
DA:106,2
DA:112,4
DA:115,4
DA:116,4
DA:119,4
DA:121,4
DA:141,4
DA:142,4
DA:143,4
DA:146,4
DA:148,4
DA:149,0
DA:156,4
DA:176,1
DA:186,1
LF:32
LH:29
BRDA:63,0,0,1
BRDA:63,0,1,1
BRDA:74,1,0,0
BRDA:74,1,1,1
BRDA:74,2,0,1
BRDA:74,2,1,0
BRDA:85,3,0,1
BRDA:85,3,1,0
BRDA:148,4,0,0
BRDA:148,4,1,4
BRF:10
BRH:6
end_of_record
TN:
SF:/Users/tandemseven/projects/components/tabs/source/template_panel.js
FNF:0
FNH:0
LF:0
LH:0
BRF:0
BRH:0
end_of_record
TN:
SF:/Users/tandemseven/projects/components/tabs/source/template_tab.js
FN:10,(anonymous_0)
FN:19,(anonymous_1)
FN:41,(anonymous_2)
FNF:3
FNH:3
FNDA:2,(anonymous_0)
FNDA:1,(anonymous_1)
FNDA:4,(anonymous_2)
DA:12,2
DA:15,2
DA:20,1
DA:21,1
DA:24,1
DA:25,0
DA:28,1
DA:30,1
DA:31,0
DA:34,1
DA:35,1
DA:37,1
DA:42,4
DA:43,4
DA:44,4
DA:46,4
DA:47,4
DA:48,4
DA:50,4
DA:52,4
DA:73,1
DA:87,1
LF:22
LH:20
BRDA:24,0,0,0
BRDA:24,0,1,1
BRDA:24,1,0,1
BRDA:24,1,1,0
BRDA:30,2,0,0
BRDA:30,2,1,1
BRF:6
BRH:3
end_of_record
